#
# There is insufficient memory for the Java Runtime Environment to continue.
# Native memory allocation (malloc) failed to allocate 2236976 bytes. Error detail: Chunk::new
# Possible reasons:
#   The system is out of physical RAM or swap space
#   This process is running with CompressedOops enabled, and the Java Heap may be blocking the growth of the native heap
# Possible solutions:
#   Reduce memory load on the system
#   Increase physical memory or swap space
#   Check if swap backing store is full
#   Decrease Java heap size (-Xmx/-Xms)
#   Decrease number of Java threads
#   Decrease Java thread stack sizes (-Xss)
#   Set larger code cache with -XX:ReservedCodeCacheSize=
#   JVM is running with Unscaled Compressed Oops mode in which the Java heap is
#     placed in the first 4GB address space. The Java Heap base address is the
#     maximum limit for the native heap growth. Please use -XX:HeapBaseMinAddress
#     to set the Java Heap base and to place the Java Heap above 4GB virtual address.
# This output file may be truncated or incomplete.
#
#  Out of Memory Error (arena.cpp:191), pid=21352, tid=13108
#
# JRE version: OpenJDK Runtime Environment Temurin-17.0.11+9 (17.0.11+9) (build 17.0.11+9)
# Java VM: OpenJDK 64-Bit Server VM Temurin-17.0.11+9 (17.0.11+9, mixed mode, tiered, compressed oops, compressed class ptrs, parallel gc, windows-amd64)
# No core dump will be written. Minidumps are not enabled by default on client versions of Windows
#

---------------  S U M M A R Y ------------

Command Line: --add-modules=ALL-SYSTEM --add-opens=java.base/java.util=ALL-UNNAMED --add-opens=java.base/java.lang=ALL-UNNAMED --add-opens=java.base/sun.nio.fs=ALL-UNNAMED -Declipse.application=org.eclipse.jdt.ls.core.id1 -Dosgi.bundles.defaultStartLevel=4 -Declipse.product=org.eclipse.jdt.ls.core.product -Djava.import.generatesMetadataFilesAtProjectRoot=false -DDetectVMInstallationsJob.disabled=true -Dfile.encoding=utf8 -XX:+UseParallelGC -XX:GCTimeRatio=4 -XX:AdaptiveSizePolicyWeight=90 -Dsun.zip.disableMemoryMapping=true -Xmx1G -Xms100m -Xlog:disable -javaagent:c:\Users\nizam\.vscode\extensions\redhat.java-1.31.0-win32-x64\lombok\lombok-1.18.32.jar -XX:+HeapDumpOnOutOfMemoryError -XX:HeapDumpPath=c:\Users\nizam\AppData\Roaming\Code\User\workspaceStorage\c33c3107c2f310e50548437651f6d983\redhat.java -Daether.dependencyCollector.impl=bf c:\Users\nizam\.vscode\extensions\redhat.java-1.31.0-win32-x64\server\plugins\org.eclipse.equinox.launcher_1.6.800.v20240513-1750.jar -configuration c:\Users\nizam\AppData\Roaming\Code\User\globalStorage\redhat.java\1.31.0\config_win -data c:\Users\nizam\AppData\Roaming\Code\User\workspaceStorage\c33c3107c2f310e50548437651f6d983\redhat.java\jdt_ws --pipe=\\.\pipe\lsp-e49983b535c6eed38858ceb8a356c24c-sock

Host: 11th Gen Intel(R) Core(TM) i5-1135G7 @ 2.40GHz, 8 cores, 7G,  Windows 11 , 64 bit Build 22621 (10.0.22621.3672)
Time: Wed Jun 19 11:51:48 2024 India Standard Time elapsed time: 19.989505 seconds (0d 0h 0m 19s)

---------------  T H R E A D  ---------------

Current thread (0x0000023d765b8f60):  JavaThread "C2 CompilerThread0" daemon [_thread_in_native, id=13108, stack(0x0000005c8a100000,0x0000005c8a200000)]


Current CompileTask:
C2:  19989 4955   !   4       org.eclipse.osgi.internal.loader.classpath.ClasspathManager::defineClass (636 bytes)

Stack: [0x0000005c8a100000,0x0000005c8a200000]
Native frames: (J=compiled Java code, j=interpreted, Vv=VM code, C=native code)
V  [jvm.dll+0x67d429]
V  [jvm.dll+0x834b7a]
V  [jvm.dll+0x83663e]
V  [jvm.dll+0x836ca3]
V  [jvm.dll+0x247dbf]
V  [jvm.dll+0xac534]
V  [jvm.dll+0xacb7c]
V  [jvm.dll+0x366647]
V  [jvm.dll+0x1bd272]
V  [jvm.dll+0x21a5c9]
V  [jvm.dll+0x2198b1]
V  [jvm.dll+0x1a534d]
V  [jvm.dll+0x2295cd]
V  [jvm.dll+0x22779c]
V  [jvm.dll+0x7e9d07]
V  [jvm.dll+0x7e410a]
V  [jvm.dll+0x67c315]
C  [ucrtbase.dll+0x29333]
C  [KERNEL32.DLL+0x1257d]
C  [ntdll.dll+0x5af28]


---------------  P R O C E S S  ---------------

Threads class SMR info:
_java_thread_list=0x0000023d78d72170, length=36, elements={
0x0000023d5d5e23d0, 0x0000023d71464030, 0x0000023d71465420, 0x0000023d7146ca70,
0x0000023d7146d440, 0x0000023d7146df10, 0x0000023d7146e9e0, 0x0000023d765b8f60,
0x0000023d7661bf10, 0x0000023d76636bb0, 0x0000023d766e3ff0, 0x0000023d76886a50,
0x0000023d77ae9050, 0x0000023d77ce5c20, 0x0000023d77ce6100, 0x0000023d7875b1f0,
0x0000023d78a25a40, 0x0000023d77e6aab0, 0x0000023d77e68740, 0x0000023d77e68c50,
0x0000023d77e6afc0, 0x0000023d77e6a090, 0x0000023d77e6b4d0, 0x0000023d77e69670,
0x0000023d77e69b80, 0x0000023d77e6a5a0, 0x0000023d78e16e10, 0x0000023d78e1a0b0,
0x0000023d78e1a5c0, 0x0000023d78e17320, 0x0000023d78e18250, 0x0000023d78e17830,
0x0000023d78e18760, 0x0000023d78e163f0, 0x0000023d78e16900, 0x0000023d78e17d40
}

Java Threads: ( => current thread )
  0x0000023d5d5e23d0 JavaThread "main" [_thread_blocked, id=21224, stack(0x0000005c89800000,0x0000005c89900000)]
  0x0000023d71464030 JavaThread "Reference Handler" daemon [_thread_blocked, id=23448, stack(0x0000005c89b00000,0x0000005c89c00000)]
  0x0000023d71465420 JavaThread "Finalizer" daemon [_thread_blocked, id=9688, stack(0x0000005c89c00000,0x0000005c89d00000)]
  0x0000023d7146ca70 JavaThread "Signal Dispatcher" daemon [_thread_blocked, id=22264, stack(0x0000005c89d00000,0x0000005c89e00000)]
  0x0000023d7146d440 JavaThread "Attach Listener" daemon [_thread_blocked, id=18960, stack(0x0000005c89e00000,0x0000005c89f00000)]
  0x0000023d7146df10 JavaThread "Service Thread" daemon [_thread_blocked, id=1880, stack(0x0000005c89f00000,0x0000005c8a000000)]
  0x0000023d7146e9e0 JavaThread "Monitor Deflation Thread" daemon [_thread_blocked, id=22788, stack(0x0000005c8a000000,0x0000005c8a100000)]
=>0x0000023d765b8f60 JavaThread "C2 CompilerThread0" daemon [_thread_in_native, id=13108, stack(0x0000005c8a100000,0x0000005c8a200000)]
  0x0000023d7661bf10 JavaThread "C1 CompilerThread0" daemon [_thread_in_native, id=18628, stack(0x0000005c8a200000,0x0000005c8a300000)]
  0x0000023d76636bb0 JavaThread "Sweeper thread" daemon [_thread_blocked, id=20536, stack(0x0000005c8a300000,0x0000005c8a400000)]
  0x0000023d766e3ff0 JavaThread "Common-Cleaner" daemon [_thread_blocked, id=22928, stack(0x0000005c8a400000,0x0000005c8a500000)]
  0x0000023d76886a50 JavaThread "Notification Thread" daemon [_thread_blocked, id=19700, stack(0x0000005c8a500000,0x0000005c8a600000)]
  0x0000023d77ae9050 JavaThread "Active Thread: Equinox Container: 838d9e09-5115-4a5e-84c2-73b452f5dde3" [_thread_blocked, id=2516, stack(0x0000005c8ad00000,0x0000005c8ae00000)]
  0x0000023d77ce5c20 JavaThread "Framework Event Dispatcher: Equinox Container: 838d9e09-5115-4a5e-84c2-73b452f5dde3" daemon [_thread_blocked, id=19692, stack(0x0000005c8ae00000,0x0000005c8af00000)]
  0x0000023d77ce6100 JavaThread "Start Level: Equinox Container: 838d9e09-5115-4a5e-84c2-73b452f5dde3" daemon [_thread_blocked, id=20420, stack(0x0000005c8af00000,0x0000005c8b000000)]
  0x0000023d7875b1f0 JavaThread "Bundle File Closer" daemon [_thread_blocked, id=19212, stack(0x0000005c8b100000,0x0000005c8b200000)]
  0x0000023d78a25a40 JavaThread "SCR Component Actor" daemon [_thread_blocked, id=19564, stack(0x0000005c8b200000,0x0000005c8b300000)]
  0x0000023d77e6aab0 JavaThread "Worker-JM" [_thread_blocked, id=21356, stack(0x0000005c8b400000,0x0000005c8b500000)]
  0x0000023d77e68740 JavaThread "Worker-0: Repository registry initialization" [_thread_blocked, id=19072, stack(0x0000005c8b500000,0x0000005c8b600000)]
  0x0000023d77e68c50 JavaThread "Worker-1: Updating Maven Dependencies" [_thread_in_Java, id=23048, stack(0x0000005c8b600000,0x0000005c8b700000)]
  0x0000023d77e6afc0 JavaThread "Worker-2" [_thread_blocked, id=2624, stack(0x0000005c8b700000,0x0000005c8b800000)]
  0x0000023d77e6a090 JavaThread "Java indexing" daemon [_thread_blocked, id=10736, stack(0x0000005c8b800000,0x0000005c8b900000)]
  0x0000023d77e6b4d0 JavaThread "Worker-3" [_thread_blocked, id=18748, stack(0x0000005c8b900000,0x0000005c8ba00000)]
  0x0000023d77e69670 JavaThread "JNA Cleaner" daemon [_thread_blocked, id=17300, stack(0x0000005c8ba00000,0x0000005c8bb00000)]
  0x0000023d77e69b80 JavaThread "Thread-2" daemon [_thread_in_native, id=12676, stack(0x0000005c8bb00000,0x0000005c8bc00000)]
  0x0000023d77e6a5a0 JavaThread "Thread-3" daemon [_thread_in_native, id=11848, stack(0x0000005c8bc00000,0x0000005c8bd00000)]
  0x0000023d78e16e10 JavaThread "Thread-4" daemon [_thread_in_native, id=23556, stack(0x0000005c8bd00000,0x0000005c8be00000)]
  0x0000023d78e1a0b0 JavaThread "Thread-5" daemon [_thread_in_native, id=23560, stack(0x0000005c8be00000,0x0000005c8bf00000)]
  0x0000023d78e1a5c0 JavaThread "Thread-6" daemon [_thread_in_native, id=23564, stack(0x0000005c8bf00000,0x0000005c8c000000)]
  0x0000023d78e17320 JavaThread "Thread-7" daemon [_thread_in_native, id=23568, stack(0x0000005c8c000000,0x0000005c8c100000)]
  0x0000023d78e18250 JavaThread "Thread-8" daemon [_thread_in_native, id=23572, stack(0x0000005c8c100000,0x0000005c8c200000)]
  0x0000023d78e17830 JavaThread "Thread-9" daemon [_thread_in_native, id=23576, stack(0x0000005c8c200000,0x0000005c8c300000)]
  0x0000023d78e18760 JavaThread "Thread-10" daemon [_thread_in_native, id=23580, stack(0x0000005c8c300000,0x0000005c8c400000)]
  0x0000023d78e163f0 JavaThread "pool-2-thread-1" [_thread_blocked, id=23588, stack(0x0000005c8c400000,0x0000005c8c500000)]
  0x0000023d78e16900 JavaThread "WorkspaceEventsHandler" [_thread_blocked, id=23656, stack(0x0000005c8c500000,0x0000005c8c600000)]
  0x0000023d78e17d40 JavaThread "pool-1-thread-1" [_thread_blocked, id=23660, stack(0x0000005c8c600000,0x0000005c8c700000)]

Other Threads:
  0x0000023d5d68e840 VMThread "VM Thread" [stack: 0x0000005c89a00000,0x0000005c89b00000] [id=12136]
  0x0000023d768a2330 WatcherThread [stack: 0x0000005c8a600000,0x0000005c8a700000] [id=12940]
  0x0000023d5d5f7860 GCTaskThread "GC Thread#0" [stack: 0x0000005c89900000,0x0000005c89a00000] [id=7372]
  0x0000023d77dbd430 GCTaskThread "GC Thread#1" [stack: 0x0000005c8a700000,0x0000005c8a800000] [id=7320]
  0x0000023d77a6f2e0 GCTaskThread "GC Thread#2" [stack: 0x0000005c8a800000,0x0000005c8a900000] [id=20716]
  0x0000023d77a3c9d0 GCTaskThread "GC Thread#3" [stack: 0x0000005c8a900000,0x0000005c8aa00000] [id=19860]
  0x0000023d77a3cc90 GCTaskThread "GC Thread#4" [stack: 0x0000005c8aa00000,0x0000005c8ab00000] [id=10688]
  0x0000023d77d5f480 GCTaskThread "GC Thread#5" [stack: 0x0000005c8ab00000,0x0000005c8ac00000] [id=2396]
  0x0000023d77d5f740 GCTaskThread "GC Thread#6" [stack: 0x0000005c8ac00000,0x0000005c8ad00000] [id=8168]
  0x0000023d77df5c80 GCTaskThread "GC Thread#7" [stack: 0x0000005c8b000000,0x0000005c8b100000] [id=16736]

Threads with active compile tasks:
C2 CompilerThread0    20018 4955   !   4       org.eclipse.osgi.internal.loader.classpath.ClasspathManager::defineClass (636 bytes)

VM state: not at safepoint (normal execution)

VM Mutex/Monitor currently owned by a thread: None

Heap address: 0x00000000c0000000, size: 1024 MB, Compressed Oops mode: 32-bit

CDS archive(s) not mapped
Compressed class space mapped at: 0x0000000100000000-0x0000000140000000, reserved size: 1073741824
Narrow klass base: 0x0000000000000000, Narrow klass shift: 3, Narrow klass range: 0x140000000

GC Precious Log:
 CPUs: 8 total, 8 available
 Memory: 7991M
 Large Page Support: Disabled
 NUMA Support: Disabled
 Compressed Oops: Enabled (32-bit)
 Alignments: Space 512K, Generation 512K, Heap 2M
 Heap Min Capacity: 100M
 Heap Initial Capacity: 100M
 Heap Max Capacity: 1G
 Pre-touch: Disabled
 Parallel Workers: 8

Heap:
 PSYoungGen      total 23040K, used 3723K [0x00000000eab00000, 0x00000000ec500000, 0x0000000100000000)
  eden space 22016K, 13% used [0x00000000eab00000,0x00000000eaddacf8,0x00000000ec080000)
  from space 1024K, 78% used [0x00000000ec400000,0x00000000ec4c8000,0x00000000ec500000)
  to   space 1024K, 0% used [0x00000000ec300000,0x00000000ec300000,0x00000000ec400000)
 ParOldGen       total 68608K, used 18399K [0x00000000c0000000, 0x00000000c4300000, 0x00000000eab00000)
  object space 68608K, 26% used [0x00000000c0000000,0x00000000c11f7e38,0x00000000c4300000)
 Metaspace       used 46479K, committed 47360K, reserved 1114112K
  class space    used 4858K, committed 5248K, reserved 1048576K

Card table byte_map: [0x0000023d5cf70000,0x0000023d5d180000] _byte_map_base: 0x0000023d5c970000

Marking Bits: (ParMarkBitMap*) 0x00007ff88a03d820
 Begin Bits: [0x0000023d6f270000, 0x0000023d70270000)
 End Bits:   [0x0000023d70270000, 0x0000023d71270000)

Polling page: 0x0000023d5b570000

Metaspace:

Usage:
  Non-class:     40.65 MB used.
      Class:      4.74 MB used.
       Both:     45.39 MB used.

Virtual space:
  Non-class space:       64.00 MB reserved,      41.12 MB ( 64%) committed,  1 nodes.
      Class space:        1.00 GB reserved,       5.12 MB ( <1%) committed,  1 nodes.
             Both:        1.06 GB reserved,      46.25 MB (  4%) committed. 

Chunk freelists:
   Non-Class:  6.51 MB
       Class:  10.85 MB
        Both:  17.36 MB

MaxMetaspaceSize: unlimited
CompressedClassSpaceSize: 1.00 GB
Initial GC threshold: 21.00 MB
Current GC threshold: 58.38 MB
CDS: off
MetaspaceReclaimPolicy: balanced
 - commit_granule_bytes: 65536.
 - commit_granule_words: 8192.
 - virtual_space_node_default_size: 8388608.
 - enlarge_chunks_in_place: 1.
 - new_chunks_are_fully_committed: 0.
 - uncommit_free_chunks: 1.
 - use_allocation_guard: 0.
 - handle_deallocations: 1.


Internal statistics:

num_allocs_failed_limit: 6.
num_arena_births: 536.
num_arena_deaths: 24.
num_vsnodes_births: 2.
num_vsnodes_deaths: 0.
num_space_committed: 740.
num_space_uncommitted: 0.
num_chunks_returned_to_freelist: 30.
num_chunks_taken_from_freelist: 2109.
num_chunk_merges: 7.
num_chunk_splits: 1368.
num_chunks_enlarged: 912.
num_inconsistent_stats: 0.

CodeHeap 'non-profiled nmethods': size=120000Kb used=2191Kb max_used=2423Kb free=117808Kb
 bounds [0x0000023d67d40000, 0x0000023d67fb0000, 0x0000023d6f270000]
CodeHeap 'profiled nmethods': size=120000Kb used=9775Kb max_used=11066Kb free=110225Kb
 bounds [0x0000023d60270000, 0x0000023d60d40000, 0x0000023d677a0000]
CodeHeap 'non-nmethods': size=5760Kb used=1307Kb max_used=1356Kb free=4452Kb
 bounds [0x0000023d677a0000, 0x0000023d67a10000, 0x0000023d67d40000]
 total_blobs=5148 nmethods=4524 adapters=538
 compilation: enabled
              stopped_count=0, restarted_count=0
 full_count=0

Compilation events (20 events):
Event: 19.878 Thread 0x0000023d7661bf10 5027       3       com.google.common.cache.LocalCache::rehash (49 bytes)
Event: 19.878 Thread 0x0000023d7661bf10 nmethod 5027 0x0000023d60d35990 code [0x0000023d60d35b20, 0x0000023d60d35c58]
Event: 19.880 Thread 0x0000023d7661bf10 5028       3       com.google.common.cache.LocalCache$Segment::getEntry (73 bytes)
Event: 19.881 Thread 0x0000023d7661bf10 nmethod 5028 0x0000023d60d35d10 code [0x0000023d60d36000, 0x0000023d60d37198]
Event: 19.883 Thread 0x0000023d7661bf10 5029       3       com.google.common.base.Preconditions::checkArgument (13 bytes)
Event: 19.883 Thread 0x0000023d7661bf10 nmethod 5029 0x0000023d60d37790 code [0x0000023d60d37940, 0x0000023d60d37b28]
Event: 19.883 Thread 0x0000023d7661bf10 5030       3       com.google.inject.internal.MoreTypes::resolveTypeVariable (51 bytes)
Event: 19.884 Thread 0x0000023d7661bf10 nmethod 5030 0x0000023d60d37c10 code [0x0000023d60d37ee0, 0x0000023d60d39118]
Event: 19.906 Thread 0x0000023d7661bf10 5032       3       com.google.common.cache.LocalCache$Segment::getLiveValue (61 bytes)
Event: 19.911 Thread 0x0000023d7661bf10 nmethod 5032 0x0000023d60d39610 code [0x0000023d60d39a40, 0x0000023d60d3bb78]
Event: 19.912 Thread 0x0000023d7661bf10 5035       3       com.google.common.base.Preconditions::checkPositionIndex (25 bytes)
Event: 19.912 Thread 0x0000023d7661bf10 nmethod 5035 0x0000023d60d3c590 code [0x0000023d60d3c740, 0x0000023d60d3c998]
Event: 19.912 Thread 0x0000023d7661bf10 5033       3       com.google.common.cache.LocalCache$Segment::scheduleRefresh (66 bytes)
Event: 19.912 Thread 0x0000023d7661bf10 nmethod 5033 0x0000023d60d3ca90 code [0x0000023d60d3cc80, 0x0000023d60d3d278]
Event: 19.934 Thread 0x0000023d7661bf10 5036       3       com.google.inject.internal.AbstractBindingBuilder::checkNotScoped (55 bytes)
Event: 19.934 Thread 0x0000023d7661bf10 nmethod 5036 0x0000023d60d3d490 code [0x0000023d60d3d680, 0x0000023d60d3dd58]
Event: 19.950 Thread 0x0000023d7661bf10 5038       3       com.google.common.collect.ImmutableList::iterator (5 bytes)
Event: 19.951 Thread 0x0000023d7661bf10 nmethod 5038 0x0000023d60d3df90 code [0x0000023d60d3e140, 0x0000023d60d3e308]
Event: 19.951 Thread 0x0000023d7661bf10 5039       3       com.google.common.collect.ImmutableList::iterator (5 bytes)
Event: 19.951 Thread 0x0000023d7661bf10 nmethod 5039 0x0000023d60d3e390 code [0x0000023d60d3e540, 0x0000023d60d3e7e8]

GC Heap History (20 events):
Event: 12.977 GC heap before
{Heap before GC invocations=9 (full 1):
 PSYoungGen      total 27136K, used 27120K [0x00000000eab00000, 0x00000000eca00000, 0x0000000100000000)
  eden space 24576K, 100% used [0x00000000eab00000,0x00000000ec300000,0x00000000ec300000)
  from space 2560K, 99% used [0x00000000ec500000,0x00000000ec77c300,0x00000000ec780000)
  to   space 2560K, 0% used [0x00000000ec780000,0x00000000ec780000,0x00000000eca00000)
 ParOldGen       total 68608K, used 11179K [0x00000000c0000000, 0x00000000c4300000, 0x00000000eab00000)
  object space 68608K, 16% used [0x00000000c0000000,0x00000000c0aeacb8,0x00000000c4300000)
 Metaspace       used 29902K, committed 30528K, reserved 1114112K
  class space    used 2946K, committed 3200K, reserved 1048576K
}
Event: 12.979 GC heap after
{Heap after GC invocations=9 (full 1):
 PSYoungGen      total 26624K, used 2555K [0x00000000eab00000, 0x00000000eca00000, 0x0000000100000000)
  eden space 24064K, 0% used [0x00000000eab00000,0x00000000eab00000,0x00000000ec280000)
  from space 2560K, 99% used [0x00000000ec780000,0x00000000ec9fec40,0x00000000eca00000)
  to   space 3072K, 0% used [0x00000000ec400000,0x00000000ec400000,0x00000000ec700000)
 ParOldGen       total 68608K, used 11299K [0x00000000c0000000, 0x00000000c4300000, 0x00000000eab00000)
  object space 68608K, 16% used [0x00000000c0000000,0x00000000c0b08cb8,0x00000000c4300000)
 Metaspace       used 29902K, committed 30528K, reserved 1114112K
  class space    used 2946K, committed 3200K, reserved 1048576K
}
Event: 13.242 GC heap before
{Heap before GC invocations=10 (full 1):
 PSYoungGen      total 26624K, used 26619K [0x00000000eab00000, 0x00000000eca00000, 0x0000000100000000)
  eden space 24064K, 100% used [0x00000000eab00000,0x00000000ec280000,0x00000000ec280000)
  from space 2560K, 99% used [0x00000000ec780000,0x00000000ec9fec40,0x00000000eca00000)
  to   space 3072K, 0% used [0x00000000ec400000,0x00000000ec400000,0x00000000ec700000)
 ParOldGen       total 68608K, used 11299K [0x00000000c0000000, 0x00000000c4300000, 0x00000000eab00000)
  object space 68608K, 16% used [0x00000000c0000000,0x00000000c0b08cb8,0x00000000c4300000)
 Metaspace       used 32190K, committed 32832K, reserved 1114112K
  class space    used 3125K, committed 3392K, reserved 1048576K
}
Event: 13.246 GC heap after
{Heap after GC invocations=10 (full 1):
 PSYoungGen      total 26624K, used 3052K [0x00000000eab00000, 0x00000000ecc00000, 0x0000000100000000)
  eden space 23552K, 0% used [0x00000000eab00000,0x00000000eab00000,0x00000000ec200000)
  from space 3072K, 99% used [0x00000000ec400000,0x00000000ec6fb390,0x00000000ec700000)
  to   space 5120K, 0% used [0x00000000ec700000,0x00000000ec700000,0x00000000ecc00000)
 ParOldGen       total 68608K, used 12722K [0x00000000c0000000, 0x00000000c4300000, 0x00000000eab00000)
  object space 68608K, 18% used [0x00000000c0000000,0x00000000c0c6c8a0,0x00000000c4300000)
 Metaspace       used 32190K, committed 32832K, reserved 1114112K
  class space    used 3125K, committed 3392K, reserved 1048576K
}
Event: 13.726 GC heap before
{Heap before GC invocations=11 (full 1):
 PSYoungGen      total 26624K, used 26604K [0x00000000eab00000, 0x00000000ecc00000, 0x0000000100000000)
  eden space 23552K, 100% used [0x00000000eab00000,0x00000000ec200000,0x00000000ec200000)
  from space 3072K, 99% used [0x00000000ec400000,0x00000000ec6fb390,0x00000000ec700000)
  to   space 5120K, 0% used [0x00000000ec700000,0x00000000ec700000,0x00000000ecc00000)
 ParOldGen       total 68608K, used 12722K [0x00000000c0000000, 0x00000000c4300000, 0x00000000eab00000)
  object space 68608K, 18% used [0x00000000c0000000,0x00000000c0c6c8a0,0x00000000c4300000)
 Metaspace       used 34600K, committed 35264K, reserved 1114112K
  class space    used 3389K, committed 3648K, reserved 1048576K
}
Event: 13.729 GC heap after
{Heap after GC invocations=11 (full 1):
 PSYoungGen      total 25600K, used 2147K [0x00000000eab00000, 0x00000000ec980000, 0x0000000100000000)
  eden space 23040K, 0% used [0x00000000eab00000,0x00000000eab00000,0x00000000ec180000)
  from space 2560K, 83% used [0x00000000ec700000,0x00000000ec918de8,0x00000000ec980000)
  to   space 3072K, 0% used [0x00000000ec380000,0x00000000ec380000,0x00000000ec680000)
 ParOldGen       total 68608K, used 14680K [0x00000000c0000000, 0x00000000c4300000, 0x00000000eab00000)
  object space 68608K, 21% used [0x00000000c0000000,0x00000000c0e56258,0x00000000c4300000)
 Metaspace       used 34600K, committed 35264K, reserved 1114112K
  class space    used 3389K, committed 3648K, reserved 1048576K
}
Event: 13.836 GC heap before
{Heap before GC invocations=12 (full 1):
 PSYoungGen      total 25600K, used 5311K [0x00000000eab00000, 0x00000000ec980000, 0x0000000100000000)
  eden space 23040K, 13% used [0x00000000eab00000,0x00000000eae16e78,0x00000000ec180000)
  from space 2560K, 83% used [0x00000000ec700000,0x00000000ec918de8,0x00000000ec980000)
  to   space 3072K, 0% used [0x00000000ec380000,0x00000000ec380000,0x00000000ec680000)
 ParOldGen       total 68608K, used 14680K [0x00000000c0000000, 0x00000000c4300000, 0x00000000eab00000)
  object space 68608K, 21% used [0x00000000c0000000,0x00000000c0e56258,0x00000000c4300000)
 Metaspace       used 35125K, committed 35840K, reserved 1114112K
  class space    used 3449K, committed 3776K, reserved 1048576K
}
Event: 13.840 GC heap after
{Heap after GC invocations=12 (full 1):
 PSYoungGen      total 23552K, used 281K [0x00000000eab00000, 0x00000000ec780000, 0x0000000100000000)
  eden space 23040K, 0% used [0x00000000eab00000,0x00000000eab00000,0x00000000ec180000)
  from space 512K, 54% used [0x00000000ec380000,0x00000000ec3c6548,0x00000000ec400000)
  to   space 1536K, 0% used [0x00000000ec600000,0x00000000ec600000,0x00000000ec780000)
 ParOldGen       total 68608K, used 16759K [0x00000000c0000000, 0x00000000c4300000, 0x00000000eab00000)
  object space 68608K, 24% used [0x00000000c0000000,0x00000000c105dc78,0x00000000c4300000)
 Metaspace       used 35125K, committed 35840K, reserved 1114112K
  class space    used 3449K, committed 3776K, reserved 1048576K
}
Event: 13.840 GC heap before
{Heap before GC invocations=13 (full 2):
 PSYoungGen      total 23552K, used 281K [0x00000000eab00000, 0x00000000ec780000, 0x0000000100000000)
  eden space 23040K, 0% used [0x00000000eab00000,0x00000000eab00000,0x00000000ec180000)
  from space 512K, 54% used [0x00000000ec380000,0x00000000ec3c6548,0x00000000ec400000)
  to   space 1536K, 0% used [0x00000000ec600000,0x00000000ec600000,0x00000000ec780000)
 ParOldGen       total 68608K, used 16759K [0x00000000c0000000, 0x00000000c4300000, 0x00000000eab00000)
  object space 68608K, 24% used [0x00000000c0000000,0x00000000c105dc78,0x00000000c4300000)
 Metaspace       used 35125K, committed 35840K, reserved 1114112K
  class space    used 3449K, committed 3776K, reserved 1048576K
}
Event: 13.882 GC heap after
{Heap after GC invocations=13 (full 2):
 PSYoungGen      total 23552K, used 0K [0x00000000eab00000, 0x00000000ec780000, 0x0000000100000000)
  eden space 23040K, 0% used [0x00000000eab00000,0x00000000eab00000,0x00000000ec180000)
  from space 512K, 0% used [0x00000000ec380000,0x00000000ec380000,0x00000000ec400000)
  to   space 1536K, 0% used [0x00000000ec600000,0x00000000ec600000,0x00000000ec780000)
 ParOldGen       total 68608K, used 15096K [0x00000000c0000000, 0x00000000c4300000, 0x00000000eab00000)
  object space 68608K, 22% used [0x00000000c0000000,0x00000000c0ebe110,0x00000000c4300000)
 Metaspace       used 35103K, committed 35840K, reserved 1114112K
  class space    used 3443K, committed 3776K, reserved 1048576K
}
Event: 14.730 GC heap before
{Heap before GC invocations=14 (full 2):
 PSYoungGen      total 23552K, used 23040K [0x00000000eab00000, 0x00000000ec780000, 0x0000000100000000)
  eden space 23040K, 100% used [0x00000000eab00000,0x00000000ec180000,0x00000000ec180000)
  from space 512K, 0% used [0x00000000ec380000,0x00000000ec380000,0x00000000ec400000)
  to   space 1536K, 0% used [0x00000000ec600000,0x00000000ec600000,0x00000000ec780000)
 ParOldGen       total 68608K, used 15096K [0x00000000c0000000, 0x00000000c4300000, 0x00000000eab00000)
  object space 68608K, 22% used [0x00000000c0000000,0x00000000c0ebe110,0x00000000c4300000)
 Metaspace       used 38825K, committed 39616K, reserved 1114112K
  class space    used 3899K, committed 4224K, reserved 1048576K
}
Event: 14.731 GC heap after
{Heap after GC invocations=14 (full 2):
 PSYoungGen      total 24064K, used 1442K [0x00000000eab00000, 0x00000000ec780000, 0x0000000100000000)
  eden space 22528K, 0% used [0x00000000eab00000,0x00000000eab00000,0x00000000ec100000)
  from space 1536K, 93% used [0x00000000ec600000,0x00000000ec768a90,0x00000000ec780000)
  to   space 2048K, 0% used [0x00000000ec380000,0x00000000ec380000,0x00000000ec580000)
 ParOldGen       total 68608K, used 15104K [0x00000000c0000000, 0x00000000c4300000, 0x00000000eab00000)
  object space 68608K, 22% used [0x00000000c0000000,0x00000000c0ec0110,0x00000000c4300000)
 Metaspace       used 38825K, committed 39616K, reserved 1114112K
  class space    used 3899K, committed 4224K, reserved 1048576K
}
Event: 15.668 GC heap before
{Heap before GC invocations=15 (full 2):
 PSYoungGen      total 24064K, used 23970K [0x00000000eab00000, 0x00000000ec780000, 0x0000000100000000)
  eden space 22528K, 100% used [0x00000000eab00000,0x00000000ec100000,0x00000000ec100000)
  from space 1536K, 93% used [0x00000000ec600000,0x00000000ec768a90,0x00000000ec780000)
  to   space 2048K, 0% used [0x00000000ec380000,0x00000000ec380000,0x00000000ec580000)
 ParOldGen       total 68608K, used 15104K [0x00000000c0000000, 0x00000000c4300000, 0x00000000eab00000)
  object space 68608K, 22% used [0x00000000c0000000,0x00000000c0ec0110,0x00000000c4300000)
 Metaspace       used 41586K, committed 42496K, reserved 1114112K
  class space    used 4258K, committed 4672K, reserved 1048576K
}
Event: 15.672 GC heap after
{Heap after GC invocations=15 (full 2):
 PSYoungGen      total 23040K, used 965K [0x00000000eab00000, 0x00000000ec680000, 0x0000000100000000)
  eden space 22016K, 0% used [0x00000000eab00000,0x00000000eab00000,0x00000000ec080000)
  from space 1024K, 94% used [0x00000000ec380000,0x00000000ec471690,0x00000000ec480000)
  to   space 1536K, 0% used [0x00000000ec500000,0x00000000ec500000,0x00000000ec680000)
 ParOldGen       total 68608K, used 16415K [0x00000000c0000000, 0x00000000c4300000, 0x00000000eab00000)
  object space 68608K, 23% used [0x00000000c0000000,0x00000000c1007e68,0x00000000c4300000)
 Metaspace       used 41586K, committed 42496K, reserved 1114112K
  class space    used 4258K, committed 4672K, reserved 1048576K
}
Event: 16.171 GC heap before
{Heap before GC invocations=16 (full 2):
 PSYoungGen      total 23040K, used 22981K [0x00000000eab00000, 0x00000000ec680000, 0x0000000100000000)
  eden space 22016K, 100% used [0x00000000eab00000,0x00000000ec080000,0x00000000ec080000)
  from space 1024K, 94% used [0x00000000ec380000,0x00000000ec471690,0x00000000ec480000)
  to   space 1536K, 0% used [0x00000000ec500000,0x00000000ec500000,0x00000000ec680000)
 ParOldGen       total 68608K, used 16415K [0x00000000c0000000, 0x00000000c4300000, 0x00000000eab00000)
  object space 68608K, 23% used [0x00000000c0000000,0x00000000c1007e68,0x00000000c4300000)
 Metaspace       used 42285K, committed 43200K, reserved 1114112K
  class space    used 4321K, committed 4736K, reserved 1048576K
}
Event: 16.176 GC heap after
{Heap after GC invocations=16 (full 2):
 PSYoungGen      total 23552K, used 1522K [0x00000000eab00000, 0x00000000ec680000, 0x0000000100000000)
  eden space 22016K, 0% used [0x00000000eab00000,0x00000000eab00000,0x00000000ec080000)
  from space 1536K, 99% used [0x00000000ec500000,0x00000000ec67c8e0,0x00000000ec680000)
  to   space 3072K, 0% used [0x00000000ec080000,0x00000000ec080000,0x00000000ec380000)
 ParOldGen       total 68608K, used 17575K [0x00000000c0000000, 0x00000000c4300000, 0x00000000eab00000)
  object space 68608K, 25% used [0x00000000c0000000,0x00000000c1129dd8,0x00000000c4300000)
 Metaspace       used 42285K, committed 43200K, reserved 1114112K
  class space    used 4321K, committed 4736K, reserved 1048576K
}
Event: 17.782 GC heap before
{Heap before GC invocations=17 (full 2):
 PSYoungGen      total 23552K, used 23538K [0x00000000eab00000, 0x00000000ec680000, 0x0000000100000000)
  eden space 22016K, 100% used [0x00000000eab00000,0x00000000ec080000,0x00000000ec080000)
  from space 1536K, 99% used [0x00000000ec500000,0x00000000ec67c8e0,0x00000000ec680000)
  to   space 3072K, 0% used [0x00000000ec080000,0x00000000ec080000,0x00000000ec380000)
 ParOldGen       total 68608K, used 17575K [0x00000000c0000000, 0x00000000c4300000, 0x00000000eab00000)
  object space 68608K, 25% used [0x00000000c0000000,0x00000000c1129dd8,0x00000000c4300000)
 Metaspace       used 43900K, committed 44736K, reserved 1114112K
  class space    used 4526K, committed 4928K, reserved 1048576K
}
Event: 17.784 GC heap after
{Heap after GC invocations=17 (full 2):
 PSYoungGen      total 25088K, used 752K [0x00000000eab00000, 0x00000000ec580000, 0x0000000100000000)
  eden space 22016K, 0% used [0x00000000eab00000,0x00000000eab00000,0x00000000ec080000)
  from space 3072K, 24% used [0x00000000ec080000,0x00000000ec13c060,0x00000000ec380000)
  to   space 1536K, 0% used [0x00000000ec400000,0x00000000ec400000,0x00000000ec580000)
 ParOldGen       total 68608K, used 17759K [0x00000000c0000000, 0x00000000c4300000, 0x00000000eab00000)
  object space 68608K, 25% used [0x00000000c0000000,0x00000000c1157dd8,0x00000000c4300000)
 Metaspace       used 43900K, committed 44736K, reserved 1114112K
  class space    used 4526K, committed 4928K, reserved 1048576K
}
Event: 19.835 GC heap before
{Heap before GC invocations=18 (full 2):
 PSYoungGen      total 25088K, used 22768K [0x00000000eab00000, 0x00000000ec580000, 0x0000000100000000)
  eden space 22016K, 100% used [0x00000000eab00000,0x00000000ec080000,0x00000000ec080000)
  from space 3072K, 24% used [0x00000000ec080000,0x00000000ec13c060,0x00000000ec380000)
  to   space 1536K, 0% used [0x00000000ec400000,0x00000000ec400000,0x00000000ec580000)
 ParOldGen       total 68608K, used 17759K [0x00000000c0000000, 0x00000000c4300000, 0x00000000eab00000)
  object space 68608K, 25% used [0x00000000c0000000,0x00000000c1157dd8,0x00000000c4300000)
 Metaspace       used 46134K, committed 46976K, reserved 1114112K
  class space    used 4818K, committed 5184K, reserved 1048576K
}
Event: 19.838 GC heap after
{Heap after GC invocations=18 (full 2):
 PSYoungGen      total 23040K, used 800K [0x00000000eab00000, 0x00000000ec500000, 0x0000000100000000)
  eden space 22016K, 0% used [0x00000000eab00000,0x00000000eab00000,0x00000000ec080000)
  from space 1024K, 78% used [0x00000000ec400000,0x00000000ec4c8000,0x00000000ec500000)
  to   space 1024K, 0% used [0x00000000ec300000,0x00000000ec300000,0x00000000ec400000)
 ParOldGen       total 68608K, used 18399K [0x00000000c0000000, 0x00000000c4300000, 0x00000000eab00000)
  object space 68608K, 26% used [0x00000000c0000000,0x00000000c11f7e38,0x00000000c4300000)
 Metaspace       used 46134K, committed 46976K, reserved 1114112K
  class space    used 4818K, committed 5184K, reserved 1048576K
}

Dll operation events (10 events):
Event: 0.026 Loaded shared library c:\Users\nizam\.vscode\extensions\redhat.java-1.31.0-win32-x64\jre\17.0.11-win32-x86_64\bin\java.dll
Event: 0.891 Loaded shared library c:\Users\nizam\.vscode\extensions\redhat.java-1.31.0-win32-x64\jre\17.0.11-win32-x86_64\bin\zip.dll
Event: 0.908 Loaded shared library C:\Users\nizam\.vscode\extensions\redhat.java-1.31.0-win32-x64\jre\17.0.11-win32-x86_64\bin\instrument.dll
Event: 1.150 Loaded shared library C:\Users\nizam\.vscode\extensions\redhat.java-1.31.0-win32-x64\jre\17.0.11-win32-x86_64\bin\net.dll
Event: 1.159 Loaded shared library C:\Users\nizam\.vscode\extensions\redhat.java-1.31.0-win32-x64\jre\17.0.11-win32-x86_64\bin\nio.dll
Event: 1.195 Loaded shared library C:\Users\nizam\.vscode\extensions\redhat.java-1.31.0-win32-x64\jre\17.0.11-win32-x86_64\bin\zip.dll
Event: 1.309 Loaded shared library C:\Users\nizam\.vscode\extensions\redhat.java-1.31.0-win32-x64\jre\17.0.11-win32-x86_64\bin\jimage.dll
Event: 1.667 Loaded shared library c:\Users\nizam\.vscode\extensions\redhat.java-1.31.0-win32-x64\jre\17.0.11-win32-x86_64\bin\verify.dll
Event: 5.629 Loaded shared library C:\Users\nizam\AppData\Roaming\Code\User\globalStorage\redhat.java\1.31.0\config_win\org.eclipse.equinox.launcher\org.eclipse.equinox.launcher.win32.win32.x86_64_1.2.1000.v20240507-1834\eclipse_11902.dll
Event: 14.550 Loaded shared library C:\Users\nizam\AppData\Local\Temp\jna-104835723\jna18296796135601317158.dll

Deoptimization events (20 events):
Event: 16.580 Thread 0x0000023d77e68c50 Uncommon trap: trap_request=0xffffff45 fr.pc=0x0000023d67f53354 relative=0x0000000000000954
Event: 16.580 Thread 0x0000023d77e68c50 Uncommon trap: reason=unstable_if action=reinterpret pc=0x0000023d67f53354 method=org.codehaus.plexus.util.xml.pull.MXParser.nextImpl()I @ 241 c2
Event: 16.580 Thread 0x0000023d77e68c50 DEOPT PACKING pc=0x0000023d67f53354 sp=0x0000005c8b6fe2a0
Event: 16.580 Thread 0x0000023d77e68c50 DEOPT UNPACKING pc=0x0000023d677f9ea3 sp=0x0000005c8b6fe210 mode 2
Event: 18.269 Thread 0x0000023d77e68c50 Uncommon trap: trap_request=0xffffffde fr.pc=0x0000023d67f81c14 relative=0x0000000000000494
Event: 18.269 Thread 0x0000023d77e68c50 Uncommon trap: reason=class_check action=maybe_recompile pc=0x0000023d67f81c14 method=java.lang.reflect.Executable.declaredAnnotations()Ljava/util/Map; @ 23 c2
Event: 18.269 Thread 0x0000023d77e68c50 DEOPT PACKING pc=0x0000023d67f81c14 sp=0x0000005c8b6fdd00
Event: 18.269 Thread 0x0000023d77e68c50 DEOPT UNPACKING pc=0x0000023d677f9ea3 sp=0x0000005c8b6fdcd0 mode 2
Event: 18.269 Thread 0x0000023d77e68c50 Uncommon trap: trap_request=0xffffffde fr.pc=0x0000023d67f81c14 relative=0x0000000000000494
Event: 18.269 Thread 0x0000023d77e68c50 Uncommon trap: reason=class_check action=maybe_recompile pc=0x0000023d67f81c14 method=java.lang.reflect.Executable.declaredAnnotations()Ljava/util/Map; @ 23 c2
Event: 18.269 Thread 0x0000023d77e68c50 DEOPT PACKING pc=0x0000023d67f81c14 sp=0x0000005c8b6fdc60
Event: 18.269 Thread 0x0000023d77e68c50 DEOPT UNPACKING pc=0x0000023d677f9ea3 sp=0x0000005c8b6fdc30 mode 2
Event: 18.269 Thread 0x0000023d77e68c50 Uncommon trap: trap_request=0xffffffde fr.pc=0x0000023d67f81c14 relative=0x0000000000000494
Event: 18.269 Thread 0x0000023d77e68c50 Uncommon trap: reason=class_check action=maybe_recompile pc=0x0000023d67f81c14 method=java.lang.reflect.Executable.declaredAnnotations()Ljava/util/Map; @ 23 c2
Event: 18.269 Thread 0x0000023d77e68c50 DEOPT PACKING pc=0x0000023d67f81c14 sp=0x0000005c8b6fdd00
Event: 18.269 Thread 0x0000023d77e68c50 DEOPT UNPACKING pc=0x0000023d677f9ea3 sp=0x0000005c8b6fdcd0 mode 2
Event: 18.269 Thread 0x0000023d77e68c50 Uncommon trap: trap_request=0xffffffde fr.pc=0x0000023d67f81c14 relative=0x0000000000000494
Event: 18.269 Thread 0x0000023d77e68c50 Uncommon trap: reason=class_check action=maybe_recompile pc=0x0000023d67f81c14 method=java.lang.reflect.Executable.declaredAnnotations()Ljava/util/Map; @ 23 c2
Event: 18.269 Thread 0x0000023d77e68c50 DEOPT PACKING pc=0x0000023d67f81c14 sp=0x0000005c8b6fdc60
Event: 18.269 Thread 0x0000023d77e68c50 DEOPT UNPACKING pc=0x0000023d677f9ea3 sp=0x0000005c8b6fdc30 mode 2

Classes unloaded (12 events):
Event: 13.846 Thread 0x0000023d5d68e840 Unloading class 0x0000000100355800 'java/lang/invoke/LambdaForm$MH+0x0000000100355800'
Event: 13.846 Thread 0x0000023d5d68e840 Unloading class 0x0000000100355400 'java/lang/invoke/LambdaForm$MH+0x0000000100355400'
Event: 13.846 Thread 0x0000023d5d68e840 Unloading class 0x0000000100350c00 'java/lang/invoke/LambdaForm$MH+0x0000000100350c00'
Event: 13.846 Thread 0x0000023d5d68e840 Unloading class 0x0000000100350400 'java/lang/invoke/LambdaForm$MH+0x0000000100350400'
Event: 13.846 Thread 0x0000023d5d68e840 Unloading class 0x000000010034b800 'java/lang/invoke/LambdaForm$MH+0x000000010034b800'
Event: 13.846 Thread 0x0000023d5d68e840 Unloading class 0x0000000100250000 'java/lang/invoke/LambdaForm$MH+0x0000000100250000'
Event: 13.846 Thread 0x0000023d5d68e840 Unloading class 0x000000010024fc00 'java/lang/invoke/LambdaForm$MH+0x000000010024fc00'
Event: 13.846 Thread 0x0000023d5d68e840 Unloading class 0x000000010024f800 'java/lang/invoke/LambdaForm$MH+0x000000010024f800'
Event: 13.846 Thread 0x0000023d5d68e840 Unloading class 0x000000010024f400 'java/lang/invoke/LambdaForm$MH+0x000000010024f400'
Event: 13.846 Thread 0x0000023d5d68e840 Unloading class 0x000000010024f000 'java/lang/invoke/LambdaForm$BMH+0x000000010024f000'
Event: 13.846 Thread 0x0000023d5d68e840 Unloading class 0x000000010024ec00 'java/lang/invoke/LambdaForm$DMH+0x000000010024ec00'
Event: 13.846 Thread 0x0000023d5d68e840 Unloading class 0x000000010024c000 'java/lang/invoke/LambdaForm$DMH+0x000000010024c000'

Classes redefined (0 events):
No events

Internal exceptions (20 events):
Event: 13.530 Thread 0x0000023d77e68c50 Exception <a 'java/lang/NoSuchMethodError'{0x00000000eb693e00}: 'java.lang.Object java.lang.invoke.DirectMethodHandle$Holder.invokeSpecialIFC(java.lang.Object, java.lang.Object, java.lang.Object, java.lang.Object)'> (0x00000000eb693e00) 
thrown [s\src\hotspot\share\interpreter\linkResolver.cpp, line 759]
Event: 13.610 Thread 0x0000023d77ce6100 Exception <a 'java/lang/ClassNotFoundException'{0x00000000eba49d20}: com/sun/org/apache/xerces/internal/impl/msg/spi/DOMMessagesProvider> (0x00000000eba49d20) 
thrown [s\src\hotspot\share\classfile\systemDictionary.cpp, line 256]
Event: 13.612 Thread 0x0000023d77ce6100 Exception <a 'java/lang/ClassNotFoundException'{0x00000000eba5b458}: com/sun/org/apache/xerces/internal/impl/msg/spi/XMLSerializerMessagesProvider> (0x00000000eba5b458) 
thrown [s\src\hotspot\share\classfile\systemDictionary.cpp, line 256]
Event: 13.612 Thread 0x0000023d77ce6100 Exception <a 'java/lang/ClassNotFoundException'{0x00000000eba686e0}: com/sun/org/apache/xerces/internal/impl/msg/spi/XMLMessagesProvider> (0x00000000eba686e0) 
thrown [s\src\hotspot\share\classfile\systemDictionary.cpp, line 256]
Event: 13.736 Thread 0x0000023d77ce6100 Exception <a 'java/lang/NoSuchMethodError'{0x00000000eab39e10}: 'java.lang.Object java.lang.invoke.DirectMethodHandle$Holder.invokeStaticInit(java.lang.Object, int, int, int, int)'> (0x00000000eab39e10) 
thrown [s\src\hotspot\share\interpreter\linkResolver.cpp, line 759]
Event: 13.903 Thread 0x0000023d77ce6100 Exception <a 'java/lang/NoSuchMethodError'{0x00000000eabf83b8}: 'java.lang.Object java.lang.invoke.DirectMethodHandle$Holder.invokeStaticInit(java.lang.Object, java.lang.Object, int, int, int, int)'> (0x00000000eabf83b8) 
thrown [s\src\hotspot\share\interpreter\linkResolver.cpp, line 759]
Event: 14.024 Thread 0x0000023d77ce6100 Exception <a 'java/lang/ClassNotFoundException'{0x00000000eb1f6b98}: com/sun/org/apache/xml/internal/serializer/spi/XMLEntitiesProvider> (0x00000000eb1f6b98) 
thrown [s\src\hotspot\share\classfile\systemDictionary.cpp, line 256]
Event: 14.270 Thread 0x0000023d77ce6100 Exception <a 'java/io/FileNotFoundException'{0x00000000eb6d7ee0}> (0x00000000eb6d7ee0) 
thrown [s\src\hotspot\share\prims\jni.cpp, line 516]
Event: 14.294 Thread 0x0000023d77e68c50 Exception <a 'java/lang/NoSuchMethodError'{0x00000000eb8af958}: 'int java.lang.invoke.DirectMethodHandle$Holder.invokeSpecialIFC(java.lang.Object, java.lang.Object, java.lang.Object, java.lang.Object, java.lang.Object)'> (0x00000000eb8af958) 
thrown [s\src\hotspot\share\interpreter\linkResolver.cpp, line 759]
Event: 14.602 Thread 0x0000023d77ce6100 Exception <a 'java/lang/UnsatisfiedLinkError'{0x00000000ebe6a918}: The specified procedure could not be found.
> (0x00000000ebe6a918) 
thrown [s\src\hotspot\share\prims\jni.cpp, line 535]
Event: 14.613 Thread 0x0000023d77ce6100 Exception <a 'java/io/FileNotFoundException'{0x00000000ebe93010}> (0x00000000ebe93010) 
thrown [s\src\hotspot\share\prims\jni.cpp, line 516]
Event: 14.626 Thread 0x0000023d77ce6100 Exception <a 'java/io/FileNotFoundException'{0x00000000ebf3be68}> (0x00000000ebf3be68) 
thrown [s\src\hotspot\share\prims\jni.cpp, line 516]
Event: 14.653 Thread 0x0000023d77ce6100 Exception <a 'java/lang/UnsatisfiedLinkError'{0x00000000ebfcb4a0}: The specified procedure could not be found.
> (0x00000000ebfcb4a0) 
thrown [s\src\hotspot\share\prims\jni.cpp, line 535]
Event: 14.762 Thread 0x0000023d5d5e23d0 Exception <a 'sun/nio/fs/WindowsException'{0x00000000eabcd740}> (0x00000000eabcd740) 
thrown [s\src\hotspot\share\prims\jni.cpp, line 516]
Event: 14.951 Thread 0x0000023d5d5e23d0 Exception <a 'java/lang/NoSuchMethodError'{0x00000000eb158c68}: 'java.lang.Object java.lang.invoke.DirectMethodHandle$Holder.invokeStatic(java.lang.Object, java.lang.Object, long, java.lang.Object)'> (0x00000000eb158c68) 
thrown [s\src\hotspot\share\interpreter\linkResolver.cpp, line 759]
Event: 14.952 Thread 0x0000023d5d5e23d0 Exception <a 'java/lang/NoSuchMethodError'{0x00000000eb15c940}: 'java.lang.Object java.lang.invoke.DirectMethodHandle$Holder.invokeStaticInit(java.lang.Object, java.lang.Object, long, java.lang.Object)'> (0x00000000eb15c940) 
thrown [s\src\hotspot\share\interpreter\linkResolver.cpp, line 759]
Event: 14.955 Thread 0x0000023d5d5e23d0 Exception <a 'java/lang/NoSuchMethodError'{0x00000000eb1633f8}: 'java.lang.Object java.lang.invoke.DirectMethodHandle$Holder.newInvokeSpecial(java.lang.Object, java.lang.Object, long)'> (0x00000000eb1633f8) 
thrown [s\src\hotspot\share\interpreter\linkResolver.cpp, line 759]
Event: 15.653 Thread 0x0000023d5d5e23d0 Exception <a 'java/lang/NoSuchMethodError'{0x00000000ec0c58e8}: 'void java.lang.invoke.DirectMethodHandle$Holder.invokeSpecial(java.lang.Object, java.lang.Object, java.lang.Object, java.lang.Object, java.lang.Object, java.lang.Object)'> (0x00000000ec0c58e8) 
thrown [s\src\hotspot\share\interpreter\linkResolver.cpp, line 759]
Event: 15.658 Thread 0x0000023d5d5e23d0 Exception <a 'java/lang/IncompatibleClassChangeError'{0x00000000ec0cf800}: Found class java.lang.Object, but interface was expected> (0x00000000ec0cf800) 
thrown [s\src\hotspot\share\interpreter\linkResolver.cpp, line 826]
Event: 15.957 Thread 0x0000023d77e68c50 Exception <a 'java/lang/NoClassDefFoundError'{0x00000000eae22f40}: javax/enterprise/inject/Typed> (0x00000000eae22f40) 
thrown [s\src\hotspot\share\classfile\systemDictionary.cpp, line 245]

VM Operations (20 events):
Event: 15.667 Executing VM operation: ParallelGCFailedAllocation
Event: 15.685 Executing VM operation: ParallelGCFailedAllocation done
Event: 16.166 Executing VM operation: ParallelGCFailedAllocation
Event: 16.181 Executing VM operation: ParallelGCFailedAllocation done
Event: 17.782 Executing VM operation: ParallelGCFailedAllocation
Event: 17.784 Executing VM operation: ParallelGCFailedAllocation done
Event: 18.361 Executing VM operation: HandshakeAllThreads
Event: 18.361 Executing VM operation: HandshakeAllThreads done
Event: 19.364 Executing VM operation: Cleanup
Event: 19.409 Executing VM operation: Cleanup done
Event: 19.835 Executing VM operation: ParallelGCFailedAllocation
Event: 19.838 Executing VM operation: ParallelGCFailedAllocation done
Event: 19.926 Executing VM operation: HandshakeAllThreads
Event: 19.927 Executing VM operation: HandshakeAllThreads done
Event: 19.927 Executing VM operation: HandshakeAllThreads
Event: 19.927 Executing VM operation: HandshakeAllThreads done
Event: 19.984 Executing VM operation: HandshakeAllThreads
Event: 19.984 Executing VM operation: HandshakeAllThreads done
Event: 19.984 Executing VM operation: HandshakeAllThreads
Event: 19.984 Executing VM operation: HandshakeAllThreads done

Events (20 events):
Event: 19.987 Thread 0x0000023d76636bb0 flushing nmethod 0x0000023d602a4210
Event: 19.987 Thread 0x0000023d76636bb0 flushing nmethod 0x0000023d602a4810
Event: 19.987 Thread 0x0000023d76636bb0 flushing nmethod 0x0000023d602a4b90
Event: 19.987 Thread 0x0000023d76636bb0 flushing nmethod 0x0000023d602a5690
Event: 19.987 Thread 0x0000023d76636bb0 flushing nmethod 0x0000023d602a5a10
Event: 19.987 Thread 0x0000023d76636bb0 flushing nmethod 0x0000023d602a6090
Event: 19.987 Thread 0x0000023d76636bb0 flushing nmethod 0x0000023d602a6410
Event: 19.987 Thread 0x0000023d76636bb0 flushing nmethod 0x0000023d602a6990
Event: 19.987 Thread 0x0000023d76636bb0 flushing nmethod 0x0000023d602a7510
Event: 19.987 Thread 0x0000023d76636bb0 flushing nmethod 0x0000023d602a7a10
Event: 19.987 Thread 0x0000023d76636bb0 flushing nmethod 0x0000023d602a7e10
Event: 19.987 Thread 0x0000023d76636bb0 flushing nmethod 0x0000023d602a8490
Event: 19.987 Thread 0x0000023d76636bb0 flushing nmethod 0x0000023d602a8a10
Event: 19.987 Thread 0x0000023d76636bb0 flushing nmethod 0x0000023d602a8f10
Event: 19.987 Thread 0x0000023d76636bb0 flushing nmethod 0x0000023d602a9310
Event: 19.987 Thread 0x0000023d76636bb0 flushing nmethod 0x0000023d602a9910
Event: 19.987 Thread 0x0000023d76636bb0 flushing nmethod 0x0000023d602a9c90
Event: 19.987 Thread 0x0000023d76636bb0 flushing nmethod 0x0000023d602aa010
Event: 19.987 Thread 0x0000023d76636bb0 flushing nmethod 0x0000023d602aa410
Event: 19.987 Thread 0x0000023d76636bb0 flushing nmethod 0x0000023d602aba90


Dynamic libraries:
0x00007ff762540000 - 0x00007ff76254e000 	c:\Users\nizam\.vscode\extensions\redhat.java-1.31.0-win32-x64\jre\17.0.11-win32-x86_64\bin\java.exe
0x00007ff957b50000 - 0x00007ff957d67000 	C:\Windows\SYSTEM32\ntdll.dll
0x00007ff9566b0000 - 0x00007ff956774000 	C:\Windows\System32\KERNEL32.DLL
0x00007ff955110000 - 0x00007ff9554bc000 	C:\Windows\System32\KERNELBASE.dll
0x00007ff955540000 - 0x00007ff955651000 	C:\Windows\System32\ucrtbase.dll
0x00007ff91b8c0000 - 0x00007ff91b8d7000 	c:\Users\nizam\.vscode\extensions\redhat.java-1.31.0-win32-x64\jre\17.0.11-win32-x86_64\bin\jli.dll
0x00007ff955ff0000 - 0x00007ff95619e000 	C:\Windows\System32\USER32.dll
0x00007ff955020000 - 0x00007ff955046000 	C:\Windows\System32\win32u.dll
0x00007ff957240000 - 0x00007ff957269000 	C:\Windows\System32\GDI32.dll
0x00007ff955660000 - 0x00007ff955779000 	C:\Windows\System32\gdi32full.dll
0x00007ff955780000 - 0x00007ff95581a000 	C:\Windows\System32\msvcp_win.dll
0x00007ff916c60000 - 0x00007ff916c7b000 	c:\Users\nizam\.vscode\extensions\redhat.java-1.31.0-win32-x64\jre\17.0.11-win32-x86_64\bin\VCRUNTIME140.dll
0x00007ff938e00000 - 0x00007ff939093000 	C:\Windows\WinSxS\amd64_microsoft.windows.common-controls_6595b64144ccf1df_6.0.22621.3672_none_2713b9d173822955\COMCTL32.dll
0x00007ff9565e0000 - 0x00007ff956687000 	C:\Windows\System32\msvcrt.dll
0x00007ff957ad0000 - 0x00007ff957b01000 	C:\Windows\System32\IMM32.DLL
0x00007ff93cd90000 - 0x00007ff93cd9c000 	c:\Users\nizam\.vscode\extensions\redhat.java-1.31.0-win32-x64\jre\17.0.11-win32-x86_64\bin\vcruntime140_1.dll
0x00007ff8cfcd0000 - 0x00007ff8cfd5d000 	c:\Users\nizam\.vscode\extensions\redhat.java-1.31.0-win32-x64\jre\17.0.11-win32-x86_64\bin\msvcp140.dll
0x00007ff8894a0000 - 0x00007ff88a102000 	c:\Users\nizam\.vscode\extensions\redhat.java-1.31.0-win32-x64\jre\17.0.11-win32-x86_64\bin\server\jvm.dll
0x00007ff956360000 - 0x00007ff956412000 	C:\Windows\System32\ADVAPI32.dll
0x00007ff955ee0000 - 0x00007ff955f8a000 	C:\Windows\System32\sechost.dll
0x00007ff954ff0000 - 0x00007ff955018000 	C:\Windows\System32\bcrypt.dll
0x00007ff9568c0000 - 0x00007ff9569d5000 	C:\Windows\System32\RPCRT4.dll
0x00007ff954d40000 - 0x00007ff954d8d000 	C:\Windows\SYSTEM32\POWRPROF.dll
0x00007ff93cd60000 - 0x00007ff93cd69000 	C:\Windows\SYSTEM32\WSOCK32.dll
0x00007ff957190000 - 0x00007ff957201000 	C:\Windows\System32\WS2_32.dll
0x00007ff950390000 - 0x00007ff9503c4000 	C:\Windows\SYSTEM32\WINMM.dll
0x00007ff950190000 - 0x00007ff95019a000 	C:\Windows\SYSTEM32\VERSION.dll
0x00007ff954c70000 - 0x00007ff954c83000 	C:\Windows\SYSTEM32\UMPDC.dll
0x00007ff953eb0000 - 0x00007ff953ec8000 	C:\Windows\SYSTEM32\kernel.appcore.dll
0x00007ff937340000 - 0x00007ff93734a000 	c:\Users\nizam\.vscode\extensions\redhat.java-1.31.0-win32-x64\jre\17.0.11-win32-x86_64\bin\jimage.dll
0x00007ff951d20000 - 0x00007ff951f52000 	C:\Windows\SYSTEM32\DBGHELP.DLL
0x00007ff955910000 - 0x00007ff955c98000 	C:\Windows\System32\combase.dll
0x00007ff956780000 - 0x00007ff956857000 	C:\Windows\System32\OLEAUT32.dll
0x00007ff9377f0000 - 0x00007ff937822000 	C:\Windows\SYSTEM32\dbgcore.DLL
0x00007ff9554c0000 - 0x00007ff95553b000 	C:\Windows\System32\bcryptPrimitives.dll
0x00007ff936ca0000 - 0x00007ff936cae000 	c:\Users\nizam\.vscode\extensions\redhat.java-1.31.0-win32-x64\jre\17.0.11-win32-x86_64\bin\instrument.dll
0x00007ff916c30000 - 0x00007ff916c55000 	c:\Users\nizam\.vscode\extensions\redhat.java-1.31.0-win32-x64\jre\17.0.11-win32-x86_64\bin\java.dll
0x00007ff914e70000 - 0x00007ff914e88000 	c:\Users\nizam\.vscode\extensions\redhat.java-1.31.0-win32-x64\jre\17.0.11-win32-x86_64\bin\zip.dll
0x00007ff957270000 - 0x00007ff957acc000 	C:\Windows\System32\SHELL32.dll
0x00007ff952dd0000 - 0x00007ff9536c7000 	C:\Windows\SYSTEM32\windows.storage.dll
0x00007ff952c90000 - 0x00007ff952dcf000 	C:\Windows\SYSTEM32\wintypes.dll
0x00007ff955d50000 - 0x00007ff955e44000 	C:\Windows\System32\SHCORE.dll
0x00007ff956860000 - 0x00007ff9568be000 	C:\Windows\System32\shlwapi.dll
0x00007ff954db0000 - 0x00007ff954dd1000 	C:\Windows\SYSTEM32\profapi.dll
0x00007ff914b30000 - 0x00007ff914b49000 	C:\Users\nizam\.vscode\extensions\redhat.java-1.31.0-win32-x64\jre\17.0.11-win32-x86_64\bin\net.dll
0x00007ff951720000 - 0x00007ff951856000 	C:\Windows\SYSTEM32\WINHTTP.dll
0x00007ff954320000 - 0x00007ff954389000 	C:\Windows\system32\mswsock.dll
0x00007ff912830000 - 0x00007ff912846000 	C:\Users\nizam\.vscode\extensions\redhat.java-1.31.0-win32-x64\jre\17.0.11-win32-x86_64\bin\nio.dll
0x00007ff936790000 - 0x00007ff9367a0000 	c:\Users\nizam\.vscode\extensions\redhat.java-1.31.0-win32-x64\jre\17.0.11-win32-x86_64\bin\verify.dll
0x00007ff92f380000 - 0x00007ff92f3c4000 	C:\Users\nizam\AppData\Roaming\Code\User\globalStorage\redhat.java\1.31.0\config_win\org.eclipse.equinox.launcher\org.eclipse.equinox.launcher.win32.win32.x86_64_1.2.1000.v20240507-1834\eclipse_11902.dll
0x00007ff9561b0000 - 0x00007ff956355000 	C:\Windows\System32\ole32.dll
0x00007ff954590000 - 0x00007ff9545ab000 	C:\Windows\SYSTEM32\CRYPTSP.dll
0x00007ff953e10000 - 0x00007ff953e45000 	C:\Windows\system32\rsaenh.dll
0x00007ff954420000 - 0x00007ff954448000 	C:\Windows\SYSTEM32\USERENV.dll
0x00007ff954580000 - 0x00007ff95458c000 	C:\Windows\SYSTEM32\CRYPTBASE.dll
0x00007ff953920000 - 0x00007ff95394d000 	C:\Windows\SYSTEM32\IPHLPAPI.DLL
0x00007ff955fe0000 - 0x00007ff955fe9000 	C:\Windows\System32\NSI.dll
0x00007ff951650000 - 0x00007ff951669000 	C:\Windows\SYSTEM32\dhcpcsvc6.DLL
0x00007ff951590000 - 0x00007ff9515af000 	C:\Windows\SYSTEM32\dhcpcsvc.DLL
0x00007ff953950000 - 0x00007ff953a48000 	C:\Windows\SYSTEM32\DNSAPI.dll
0x00007ff92f140000 - 0x00007ff92f185000 	C:\Users\nizam\AppData\Local\Temp\jna-104835723\jna18296796135601317158.dll
0x00007ff957210000 - 0x00007ff957218000 	C:\Windows\System32\PSAPI.DLL

dbghelp: loaded successfully - version: 4.0.5 - missing functions: none
symbol engine: initialized successfully - sym options: 0x614 - pdb path: .;c:\Users\nizam\.vscode\extensions\redhat.java-1.31.0-win32-x64\jre\17.0.11-win32-x86_64\bin;C:\Windows\SYSTEM32;C:\Windows\WinSxS\amd64_microsoft.windows.common-controls_6595b64144ccf1df_6.0.22621.3672_none_2713b9d173822955;c:\Users\nizam\.vscode\extensions\redhat.java-1.31.0-win32-x64\jre\17.0.11-win32-x86_64\bin\server;C:\Users\nizam\AppData\Roaming\Code\User\globalStorage\redhat.java\1.31.0\config_win\org.eclipse.equinox.launcher\org.eclipse.equinox.launcher.win32.win32.x86_64_1.2.1000.v20240507-1834;C:\Users\nizam\AppData\Local\Temp\jna-104835723

VM Arguments:
jvm_args: --add-modules=ALL-SYSTEM --add-opens=java.base/java.util=ALL-UNNAMED --add-opens=java.base/java.lang=ALL-UNNAMED --add-opens=java.base/sun.nio.fs=ALL-UNNAMED -Declipse.application=org.eclipse.jdt.ls.core.id1 -Dosgi.bundles.defaultStartLevel=4 -Declipse.product=org.eclipse.jdt.ls.core.product -Djava.import.generatesMetadataFilesAtProjectRoot=false -DDetectVMInstallationsJob.disabled=true -Dfile.encoding=utf8 -XX:+UseParallelGC -XX:GCTimeRatio=4 -XX:AdaptiveSizePolicyWeight=90 -Dsun.zip.disableMemoryMapping=true -Xmx1G -Xms100m -Xlog:disable -javaagent:c:\Users\nizam\.vscode\extensions\redhat.java-1.31.0-win32-x64\lombok\lombok-1.18.32.jar -XX:+HeapDumpOnOutOfMemoryError -XX:HeapDumpPath=c:\Users\nizam\AppData\Roaming\Code\User\workspaceStorage\c33c3107c2f310e50548437651f6d983\redhat.java -Daether.dependencyCollector.impl=bf 
java_command: c:\Users\nizam\.vscode\extensions\redhat.java-1.31.0-win32-x64\server\plugins\org.eclipse.equinox.launcher_1.6.800.v20240513-1750.jar -configuration c:\Users\nizam\AppData\Roaming\Code\User\globalStorage\redhat.java\1.31.0\config_win -data c:\Users\nizam\AppData\Roaming\Code\User\workspaceStorage\c33c3107c2f310e50548437651f6d983\redhat.java\jdt_ws --pipe=\\.\pipe\lsp-e49983b535c6eed38858ceb8a356c24c-sock
java_class_path (initial): c:\Users\nizam\.vscode\extensions\redhat.java-1.31.0-win32-x64\server\plugins\org.eclipse.equinox.launcher_1.6.800.v20240513-1750.jar
Launcher Type: SUN_STANDARD

[Global flags]
    uintx AdaptiveSizePolicyWeight                 = 90                                        {product} {command line}
     intx CICompilerCount                          = 4                                         {product} {ergonomic}
    uintx GCTimeRatio                              = 4                                         {product} {command line}
     bool HeapDumpOnOutOfMemoryError               = true                                   {manageable} {command line}
    ccstr HeapDumpPath                             = c:\Users\nizam\AppData\Roaming\Code\User\workspaceStorage\c33c3107c2f310e50548437651f6d983\redhat.java         {manageable} {command line}
   size_t InitialHeapSize                          = 104857600                                 {product} {command line}
   size_t MaxHeapSize                              = 1073741824                                {product} {command line}
   size_t MaxNewSize                               = 357564416                                 {product} {ergonomic}
   size_t MinHeapDeltaBytes                        = 524288                                    {product} {ergonomic}
   size_t MinHeapSize                              = 104857600                                 {product} {command line}
   size_t NewSize                                  = 34603008                                  {product} {ergonomic}
    uintx NonNMethodCodeHeapSize                   = 5839372                                {pd product} {ergonomic}
    uintx NonProfiledCodeHeapSize                  = 122909434                              {pd product} {ergonomic}
   size_t OldSize                                  = 70254592                                  {product} {ergonomic}
    uintx ProfiledCodeHeapSize                     = 122909434                              {pd product} {ergonomic}
    uintx ReservedCodeCacheSize                    = 251658240                              {pd product} {ergonomic}
     bool SegmentedCodeCache                       = true                                      {product} {ergonomic}
   size_t SoftMaxHeapSize                          = 1073741824                             {manageable} {ergonomic}
     bool UseCompressedClassPointers               = true                           {product lp64_product} {ergonomic}
     bool UseCompressedOops                        = true                           {product lp64_product} {ergonomic}
     bool UseLargePagesIndividualAllocation        = false                                  {pd product} {ergonomic}
     bool UseParallelGC                            = true                                      {product} {command line}

Logging:
Log output configuration:
 #0: stdout all=off uptime,level,tags
 #1: stderr all=off uptime,level,tags

Environment Variables:
JAVA_HOME=C:\Program Files\Java\jdk-21
PATH=C:\Program Files (x86)\Common Files\Oracle\Java\javapath;C:\Program Files\Common Files\Oracle\Java\javapath;C:\Windows\system32;C:\Windows;C:\Windows\System32\Wbem;C:\Windows\System32\WindowsPowerShell\v1.0\;C:\Windows\System32\OpenSSH\;C:\Program Files\Git\cmd;C:\Program Files\MySQL\MySQL Server 8.0\bin;C:\Program Files\nodejs\;C:\Program Files\Java\jdk-21\bin;C:\Program Files\apache-maven-3.9.6-bin\apache-maven-3.9.6\bin;C:\Program Files\MySQL\MySQL Shell 8.0\bin\;C:\Users\nizam\AppData\Local\Programs\Python\Python312\Scripts\;C:\Users\nizam\AppData\Local\Programs\Python\Python312\;C:\Users\nizam\AppData\Local\Microsoft\WindowsApps;C:\Program Files\JetBrains\IntelliJ IDEA Community Edition 2022.3\bin;;C:\Program Files\JetBrains\PyCharm Community Edition 2022.2.4\bin;;C:\Users\nizam\AppData\Local\Programs\Microsoft VS Code\bin;C:\Users\nizam\AppData\Roaming\npm;C:\Program Files\Git\bin;C:\Program Files\Git\cmd;C:\Users\nizam\OneDrive\Documents\gradle-8.7-bin\gradle-8.7\bin;
USERNAME=nizam
OS=Windows_NT
PROCESSOR_IDENTIFIER=Intel64 Family 6 Model 140 Stepping 1, GenuineIntel
TMP=C:\Users\nizam\AppData\Local\Temp
TEMP=C:\Users\nizam\AppData\Local\Temp



Periodic native trim disabled


---------------  S Y S T E M  ---------------

OS:
 Windows 11 , 64 bit Build 22621 (10.0.22621.3672)
OS uptime: 0 days 1:24 hours

CPU: total 8 (initial active 8) (4 cores per cpu, 2 threads per core) family 6 model 140 stepping 1 microcode 0x9a, cx8, cmov, fxsr, ht, mmx, 3dnowpref, sse, sse2, sse3, ssse3, sse4.1, sse4.2, popcnt, lzcnt, tsc, tscinvbit, avx, avx2, aes, erms, clmul, bmi1, bmi2, adx, avx512f, avx512dq, avx512cd, avx512bw, avx512vl, sha, fma, vzeroupper, avx512_vpopcntdq, avx512_vpclmulqdq, avx512_vaes, avx512_vnni, clflush, clflushopt, clwb, avx512_vbmi2, avx512_vbmi
Processor Information for processor 0
  Max Mhz: 2419, Current Mhz: 2419, Mhz Limit: 2419
Processor Information for processor 1
  Max Mhz: 2419, Current Mhz: 2419, Mhz Limit: 2419
Processor Information for processor 2
  Max Mhz: 2419, Current Mhz: 1209, Mhz Limit: 2419
Processor Information for processor 3
  Max Mhz: 2419, Current Mhz: 2419, Mhz Limit: 2419
Processor Information for processor 4
  Max Mhz: 2419, Current Mhz: 2419, Mhz Limit: 2419
Processor Information for processor 5
  Max Mhz: 2419, Current Mhz: 2419, Mhz Limit: 2419
Processor Information for processor 6
  Max Mhz: 2419, Current Mhz: 2419, Mhz Limit: 2419
Processor Information for processor 7
  Max Mhz: 2419, Current Mhz: 2419, Mhz Limit: 2419

Memory: 4k page, system-wide physical 7991M (77M free)
TotalPageFile size 21957M (AvailPageFile size 3M)
current process WorkingSet (physical memory assigned to process): 180M, peak: 183M
current process commit charge ("private bytes"): 275M, peak: 277M

vm_info: OpenJDK 64-Bit Server VM (17.0.11+9) for windows-amd64 JRE (17.0.11+9), built on Apr 17 2024 06:07:48 by "admin" with MS VC++ 16.10 / 16.11 (VS2019)

END.
